VDW_RAD  _CA+2 CA     1.91
VDW_EPS  _CA+2 CA     0.11
VDW_RAD  DMSBK  S     2.00
VDW_EPS  DMSBK  S     0.25
VDW_RAD  DMSBK  O     1.66
VDW_EPS  DMSBK  O     0.21
VDW_RAD  DMSBK  C1    1.91
VDW_EPS  DMSBK  C1    0.11
VDW_RAD  DMSBK  C2    1.91
VDW_EPS  DMSBK  C2    0.11
VDW_RAD  THPBK  P2    1.91
VDW_EPS  THPBK  P2    0.11
VDW_RAD  THPBK  O4P   1.66
VDW_EPS  THPBK  O4P   0.21
VDW_RAD  THPBK  O5P   1.66
VDW_EPS  THPBK  O5P   0.21
VDW_RAD  THPBK  O6P   1.66
VDW_EPS  THPBK  O6P   0.21
VDW_RAD  THPBK  P1    1.91
VDW_EPS  THPBK  P1    0.11
VDW_RAD  THPBK  O1P   1.66
VDW_EPS  THPBK  O1P   0.21
VDW_RAD  THPBK  O2P   1.66
VDW_EPS  THPBK  O2P   0.21
VDW_RAD  THPBK  O3P   1.66
VDW_EPS  THPBK  O3P   0.21
VDW_RAD  THPBK  O5'   1.66
VDW_EPS  THPBK  O5'   0.21
VDW_RAD  THPBK  C5'   1.91
VDW_EPS  THPBK  C5'   0.11
VDW_RAD  THPBK  C4'   1.91
VDW_EPS  THPBK  C4'   0.11
VDW_RAD  THPBK  O4'   1.66
VDW_EPS  THPBK  O4'   0.21
VDW_RAD  THPBK  C3'   1.91
VDW_EPS  THPBK  C3'   0.11
VDW_RAD  THPBK  O3'   1.66
VDW_EPS  THPBK  O3'   0.21
VDW_RAD  THPBK  C2'   1.91
VDW_EPS  THPBK  C2'   0.11
VDW_RAD  THPBK  C1'   1.91
VDW_EPS  THPBK  C1'   0.11
VDW_RAD  THPBK  N1    1.82
VDW_EPS  THPBK  N1    0.17
VDW_RAD  THPBK  C2    1.91
VDW_EPS  THPBK  C2    0.11
VDW_RAD  THPBK  O2    1.66
VDW_EPS  THPBK  O2    0.21
VDW_RAD  THPBK  N3    1.82
VDW_EPS  THPBK  N3    0.17
VDW_RAD  THPBK  C4    1.91
VDW_EPS  THPBK  C4    0.11
VDW_RAD  THPBK  O4    1.66
VDW_EPS  THPBK  O4    0.21
VDW_RAD  THPBK  C5    1.91
VDW_EPS  THPBK  C5    0.11
VDW_RAD  THPBK  C5M   1.91
VDW_EPS  THPBK  C5M   0.11
VDW_RAD  THPBK  C6    1.91
VDW_EPS  THPBK  C6    0.11
VDW_RAD  GOLBK  C1    1.91
VDW_EPS  GOLBK  C1    0.11
VDW_RAD  GOLBK  O1    1.66
VDW_EPS  GOLBK  O1    0.21
VDW_RAD  GOLBK  C2    1.91
VDW_EPS  GOLBK  C2    0.11
VDW_RAD  GOLBK  O2    1.66
VDW_EPS  GOLBK  O2    0.21
VDW_RAD  GOLBK  C3    1.91
VDW_EPS  GOLBK  C3    0.11
VDW_RAD  GOLBK  O3    1.66
VDW_EPS  GOLBK  O3    0.21
RADIUS   GOL    C1    1.70
RADIUS   GOL    O1    1.70
RADIUS   GOL    C2    1.70
RADIUS   GOL    O2    1.70
RADIUS   GOL    C3    1.70
RADIUS   GOL    O3    1.70
RADIUS   DMS    S     1.70
RADIUS   DMS    O     1.70
RADIUS   DMS    C1    1.70
RADIUS   DMS    C2    1.70
RADIUS   THP    P2    1.70
RADIUS   THP    O4P   1.70
RADIUS   THP    O5P   1.70
RADIUS   THP    O6P   1.70
RADIUS   THP    P1    1.70
RADIUS   THP    O1P   1.70
RADIUS   THP    O2P   1.70
RADIUS   THP    O3P   1.70
RADIUS   THP    O5'   1.70
RADIUS   THP    C5'   1.70
RADIUS   THP    C4'   1.70
RADIUS   THP    O4'   1.70
RADIUS   THP    C3'   1.70
RADIUS   THP    O3'   1.70
RADIUS   THP    C2'   1.70
RADIUS   THP    C1'   1.70
RADIUS   THP    N1    1.70
RADIUS   THP    C2    1.70
RADIUS   THP    O2    1.70
RADIUS   THP    N3    1.70
RADIUS   THP    C4    1.70
RADIUS   THP    O4    1.70
RADIUS   THP    C5    1.70
RADIUS   THP    C5M   1.70
RADIUS   THP    C6    1.70
Warning, bond length btw  C1 - C3  in res GOL A0401 is    2.129
Warning, bond length btw  C3 - C1  in res GOL A0401 is    2.129
CHARGE   NTR01  HA      0.000
CHARGE   LYS01 1HB      0.000
CHARGE   LYS01 2HB      0.000
CHARGE   LYS01  CG      0.000
CHARGE   LYS01 1HG      0.000
CHARGE   LYS01 2HG      0.000
CHARGE   LYS01 1HD      0.000
CHARGE   LYS01 2HD      0.000
CHARGE   LYS01 1HE      0.000
CHARGE   LYS01 2HE      0.000
CHARGE   LEUBK  HA      0.000
CHARGE   LEU01  CB      0.000
CHARGE   LEU01 1HB      0.000
CHARGE   LEU01 2HB      0.000
CHARGE   LEU01  CG      0.000
CHARGE   LEU01  HG      0.000
CHARGE   LEU01  CD1     0.000
CHARGE   LEU01 1HD1     0.000
CHARGE   LEU01 2HD1     0.000
CHARGE   LEU01 3HD1     0.000
CHARGE   LEU01  CD2     0.000
CHARGE   LEU01 1HD2     0.000
CHARGE   LEU01 2HD2     0.000
CHARGE   LEU01 3HD2     0.000
CHARGE   HISBK  HA      0.000
CHARGE   HIS01 1HB      0.000
CHARGE   HIS01 2HB      0.000
CHARGE   LYSBK  HA      0.000
CHARGE   GLUBK  HA      0.000
CHARGE   GLU01  CB      0.000
CHARGE   GLU01 1HB      0.000
CHARGE   GLU01 2HB      0.000
CHARGE   GLU01  CG      0.000
CHARGE   GLU01 1HG      0.000
CHARGE   GLU01 2HG      0.000
CHARGE   PROBK  HA      0.000
CHARGE   PRO01  CB      0.000
CHARGE   PRO01 1HB      0.000
CHARGE   PRO01 2HB      0.000
CHARGE   PRO01  CG      0.000
CHARGE   PRO01 1HG      0.000
CHARGE   PRO01 2HG      0.000
CHARGE   PRO01  CD      0.000
CHARGE   PRO01 1HD      0.000
CHARGE   PRO01 2HD      0.000
CHARGE   ALABK  HA      0.000
CHARGE   ALA01  CB      0.000
CHARGE   ALA01 1HB      0.000
CHARGE   ALA01 2HB      0.000
CHARGE   ALA01 3HB      0.000
CHARGE   THRBK  HA      0.000
CHARGE   THR01  HB      0.000
CHARGE   THR01 1HG2     0.000
CHARGE   THR01 2HG2     0.000
CHARGE   THR01 3HG2     0.000
CHARGE   ILEBK  HA      0.000
CHARGE   ILE01  CB      0.000
CHARGE   ILE01  HB      0.000
CHARGE   ILE01  CG1     0.000
CHARGE   ILE01 1HG1     0.000
CHARGE   ILE01 2HG1     0.000
CHARGE   ILE01  CG2     0.000
CHARGE   ILE01 1HG2     0.000
CHARGE   ILE01 2HG2     0.000
CHARGE   ILE01 3HG2     0.000
CHARGE   ILE01  CD1     0.000
CHARGE   ILE01 1HD1     0.000
CHARGE   ILE01 2HD1     0.000
CHARGE   ILE01 3HD1     0.000
CHARGE   ASPBK  HA      0.000
CHARGE   ASP01  CB      0.000
CHARGE   ASP01 1HB      0.000
CHARGE   ASP01 2HB      0.000
CHARGE   GLYBK 1HA      0.000
CHARGE   GLYBK 2HA      0.000
CHARGE   VALBK  HA      0.000
CHARGE   VAL01  CB      0.000
CHARGE   VAL01  HB      0.000
CHARGE   VAL01  CG1     0.000
CHARGE   VAL01 1HG1     0.000
CHARGE   VAL01 2HG1     0.000
CHARGE   VAL01 3HG1     0.000
CHARGE   VAL01  CG2     0.000
CHARGE   VAL01 1HG2     0.000
CHARGE   VAL01 2HG2     0.000
CHARGE   VAL01 3HG2     0.000
CHARGE   METBK  HA      0.000
CHARGE   MET01  CB      0.000
CHARGE   MET01 1HB      0.000
CHARGE   MET01 2HB      0.000
CHARGE   MET01 1HG      0.000
CHARGE   MET01 2HG      0.000
CHARGE   MET01 1HE      0.000
CHARGE   MET01 2HE      0.000
CHARGE   MET01 3HE      0.000
CHARGE   TYRBK  HA      0.000
CHARGE   TYR01 1HB      0.000
CHARGE   TYR01 2HB      0.000
CHARGE   GLNBK  HA      0.000
CHARGE   GLN01  CB      0.000
CHARGE   GLN01 1HB      0.000
CHARGE   GLN01 2HB      0.000
CHARGE   GLN01  CG      0.000
CHARGE   GLN01 1HG      0.000
CHARGE   GLN01 2HG      0.000
CHARGE   PHEBK  HA      0.000
CHARGE   PHE01  CB      0.000
CHARGE   PHE01 1HB      0.000
CHARGE   PHE01 2HB      0.000
CHARGE   PHE01  CG      0.000
CHARGE   PHE01  CD1     0.000
CHARGE   PHE01  HD1     0.000
CHARGE   PHE01  CD2     0.000
CHARGE   PHE01  HD2     0.000
CHARGE   PHE01  CE1     0.000
CHARGE   PHE01  HE1     0.000
CHARGE   PHE01  CE2     0.000
CHARGE   PHE01  HE2     0.000
CHARGE   PHE01  CZ      0.000
CHARGE   PHE01  HZ      0.000
CHARGE   ARGBK  HA      0.000
CHARGE   ARG01  CB      0.000
CHARGE   ARG01 1HB      0.000
CHARGE   ARG01 2HB      0.000
CHARGE   ARG01  CG      0.000
CHARGE   ARG01 1HG      0.000
CHARGE   ARG01 2HG      0.000
CHARGE   ARG01 1HD      0.000
CHARGE   ARG01 2HD      0.000
CHARGE   ASNBK  HA      0.000
CHARGE   ASN01  CB      0.000
CHARGE   ASN01 1HB      0.000
CHARGE   ASN01 2HB      0.000
CHARGE   SERBK  HA      0.000
CHARGE   SER01 1HB      0.000
CHARGE   SER01 2HB      0.000
CHARGE   TRPBK  HA      0.000
CHARGE   TRP01  CB      0.000
CHARGE   TRP01 1HB      0.000
CHARGE   TRP01 2HB      0.000
CHARGE   TRP01  CG      0.000
CHARGE   TRP01  CD1     0.000
CHARGE   TRP01  HD1     0.000
CHARGE   TRP01  CD2     0.000
CHARGE   TRP01  NE1     0.000
CHARGE   TRP01  HE1     0.000
CHARGE   TRP01  CE2     0.000
CHARGE   TRP01  CE3     0.000
CHARGE   TRP01  HE3     0.000
CHARGE   TRP01  CZ2     0.000
CHARGE   TRP01  HZ2     0.000
CHARGE   TRP01  CZ3     0.000
CHARGE   TRP01  HZ3     0.000
CHARGE   TRP01  CH2     0.000
CHARGE   TRP01  HH2     0.000
CHARGE   GOLBK  C1      0.000
CHARGE   GOLBK  O1      0.000
CHARGE   GOLBK  C2      0.000
CHARGE   GOLBK  O2      0.000
CHARGE   GOLBK  C3      0.000
CHARGE   GOLBK  O3      0.000
CHARGE   DMSBK  S       0.000
CHARGE   DMSBK  O       0.000
CHARGE   DMSBK  C1      0.000
CHARGE   DMSBK  C2      0.000
CHARGE   THPBK  P2      0.000
CHARGE   THPBK  O4P     0.000
CHARGE   THPBK  O5P     0.000
CHARGE   THPBK  O6P     0.000
CHARGE   THPBK  P1      0.000
CHARGE   THPBK  O1P     0.000
CHARGE   THPBK  O2P     0.000
CHARGE   THPBK  O3P     0.000
CHARGE   THPBK  O5'     0.000
CHARGE   THPBK  C5'     0.000
CHARGE   THPBK  C4'     0.000
CHARGE   THPBK  O4'     0.000
CHARGE   THPBK  C3'     0.000
CHARGE   THPBK  O3'     0.000
CHARGE   THPBK  C2'     0.000
CHARGE   THPBK  C1'     0.000
CHARGE   THPBK  N1      0.000
CHARGE   THPBK  C2      0.000
CHARGE   THPBK  O2      0.000
CHARGE   THPBK  N3      0.000
CHARGE   THPBK  C4      0.000
CHARGE   THPBK  O4      0.000
CHARGE   THPBK  C5      0.000
CHARGE   THPBK  C5M     0.000
CHARGE   THPBK  C6      0.000
Warning, bond length btw  C1 - C3  in res GOL A0401 is    2.129
Warning, bond length btw  C3 - C1  in res GOL A0401 is    2.129
Warning, bond length btw  C1 - C3  in res GOL A0401 is    2.129
Warning, bond length btw  C3 - C1  in res GOL A0401 is    2.129
Warning, bond length btw  C1 - C3  in res GOL A0401 is    2.129
Warning, bond length btw  C3 - C1  in res GOL A0401 is    2.129
Warning, bond length btw  C1 - C3  in res GOL A0401 is    2.129
Warning, bond length btw  C3 - C1  in res GOL A0401 is    2.129
CHARGE   NTR+1  HA      0.000
CHARGE   LYS+1 1HB      0.000
CHARGE   LYS+1 2HB      0.000
CHARGE   LYS+1  CG      0.000
CHARGE   LYS+1 1HG      0.000
CHARGE   LYS+1 2HG      0.000
CHARGE   LYS+1 1HD      0.000
CHARGE   LYS+1 2HD      0.000
CHARGE   LYS+1 1HE      0.000
CHARGE   LYS+1 2HE      0.000
CHARGE   HIS+1 1HB      0.000
CHARGE   HIS+1 2HB      0.000
CHARGE   HIS02 1HB      0.000
CHARGE   HIS02 2HB      0.000
CHARGE   GLU-1  CB      0.000
CHARGE   GLU-1 1HB      0.000
CHARGE   GLU-1 2HB      0.000
CHARGE   GLU-1 1HG      0.000
CHARGE   GLU-1 2HG      0.000
CHARGE   GLU02  CB      0.000
CHARGE   GLU02 1HB      0.000
CHARGE   GLU02 2HB      0.000
CHARGE   GLU02  CG      0.000
CHARGE   GLU02 1HG      0.000
CHARGE   GLU02 2HG      0.000
CHARGE   ASP-1  CB      0.000
CHARGE   ASP-1 1HB      0.000
CHARGE   ASP-1 2HB      0.000
CHARGE   ASP02  CB      0.000
CHARGE   ASP02 1HB      0.000
CHARGE   ASP02 2HB      0.000
CHARGE   TYR-1 1HB      0.000
CHARGE   TYR-1 2HB      0.000
CHARGE   ARG+1  CB      0.000
CHARGE   ARG+1 1HB      0.000
CHARGE   ARG+1 2HB      0.000
CHARGE   ARG+1  CG      0.000
CHARGE   ARG+1 1HG      0.000
CHARGE   ARG+1 2HG      0.000
CHARGE   ARG+1 1HD      0.000
CHARGE   ARG+1 2HD      0.000
CHARGE   ARG03  CB      0.000
CHARGE   ARG03 1HB      0.000
CHARGE   ARG03 2HB      0.000
CHARGE   ARG03  CG      0.000
CHARGE   ARG03 1HG      0.000
CHARGE   ARG03 2HG      0.000
CHARGE   ARG03 1HD      0.000
CHARGE   ARG03 2HD      0.000
CHARGE   ARG02  CB      0.000
CHARGE   ARG02 1HB      0.000
CHARGE   ARG02 2HB      0.000
CHARGE   ARG02  CG      0.000
CHARGE   ARG02 1HG      0.000
CHARGE   ARG02 2HG      0.000
CHARGE   ARG02 1HD      0.000
CHARGE   ARG02 2HD      0.000
Warning, bond length btw  C1 - C3  in res GOL A0401 is    2.129
Warning, bond length btw  C3 - C1  in res GOL A0401 is    2.129
Warning, bond length btw  C1 - C3  in res GOL A0401 is    2.129
Warning, bond length btw  C3 - C1  in res GOL A0401 is    2.129
Warning, bond length btw  C1 - C3  in res GOL A0401 is    2.129
Warning, bond length btw  C3 - C1  in res GOL A0401 is    2.129
Warning, bond length btw  C1 - C3  in res GOL A0401 is    2.129
Warning, bond length btw  C3 - C1  in res GOL A0401 is    2.129
Warning, bond length btw  C1 - C3  in res GOL A0401 is    2.129
Warning, bond length btw  C3 - C1  in res GOL A0401 is    2.129
Warning, bond length btw  C1 - C3  in res GOL A0401 is    2.129
Warning, bond length btw  C3 - C1  in res GOL A0401 is    2.129
Warning, bond length btw  C1 - C3  in res GOL A0401 is    2.129
Warning, bond length btw  C3 - C1  in res GOL A0401 is    2.129
