NTR A0006_ R f 00 S f  0.0 H f 00 M 000
LYS A0006_ R f 00 S f  0.0 H f 00 M 000
LEU A0007_ R f 00 S f  0.0 H f 00 M 000
HIS A0008_ R f 00 S f  0.0 H f 00 M 000
LYS A0009_ R f 00 S f  0.0 H f 00 M 000
GLU A0010_ R f 00 S f  0.0 H f 00 M 000
PRO A0011_ R f 00 S f  0.0 H f 00 M 000
ALA A0012_ R f 00 S f  0.0 H f 00 M 000
THR A0013_ R f 00 S f  0.0 H f 00 M 000
LEU A0014_ R f 00 S f  0.0 H f 00 M 000
ILE A0015_ R f 00 S f  0.0 H f 00 M 000
LYS A0016_ R f 00 S f  0.0 H f 00 M 000
ALA A0017_ R f 00 S f  0.0 H f 00 M 000
ILE A0018_ R f 00 S f  0.0 H f 00 M 000
ASP A0019_ R f 00 S f  0.0 H f 00 M 000
GLY A0020_ R f 00 S f  0.0 H f 00 M 000
ASP A0021_ R f 00 S f  0.0 H f 00 M 000
THR A0022_ R f 00 S f  0.0 H f 00 M 000
VAL A0023_ R f 00 S f  0.0 H f 00 M 000
LYS A0024_ R f 00 S f  0.0 H f 00 M 000
LEU A0025_ R f 00 S f  0.0 H f 00 M 000
MET A0026_ R f 00 S f  0.0 H f 00 M 000
TYR A0027_ R f 00 S f  0.0 H f 00 M 000
LYS A0028_ R f 00 S f  0.0 H f 00 M 000
GLY A0029_ R f 00 S f  0.0 H f 00 M 000
GLN A0030_ R f 00 S f  0.0 H f 00 M 000
PRO A0031_ R f 00 S f  0.0 H f 00 M 000
MET A0032_ R f 00 S f  0.0 H f 00 M 000
THR A0033_ R f 00 S f  0.0 H f 00 M 000
PHE A0034_ R f 00 S f  0.0 H f 00 M 000
ARG A0035_ R f 00 S f  0.0 H f 00 M 000
LEU A0036_ R f 00 S f  0.0 H f 00 M 000
LEU A0037_ R f 00 S f  0.0 H f 00 M 000
LEU A0038_ R f 00 S f  0.0 H f 00 M 000
VAL A0039_ R f 00 S f  0.0 H f 00 M 000
ASP A0040_ R f 00 S f  0.0 H f 00 M 000
THR A0041_ R f 00 S f  0.0 H f 00 M 000
PRO A0042_ R f 00 S f  0.0 H f 00 M 000
GLU A0043_ R f 00 S f  0.0 H f 00 M 000
PHE A0050_ R f 00 S f  0.0 H f 00 M 000
ASN A0051_ R f 00 S f  0.0 H f 00 M 000
GLU A0052_ R f 00 S f  0.0 H f 00 M 000
LYS A0053_ R f 00 S f  0.0 H f 00 M 000
TYR A0054_ R f 00 S f  0.0 H f 00 M 000
GLY A0055_ R f 00 S f  0.0 H f 00 M 000
PRO A0056_ R f 00 S f  0.0 H f 00 M 000
GLU A0057_ R f 00 S f  0.0 H f 00 M 000
ALA A0058_ R f 00 S f  0.0 H f 00 M 000
SER A0059_ R f 00 S f  0.0 H f 00 M 000
ALA A0060_ R f 00 S f  0.0 H f 00 M 000
PHE A0061_ R f 00 S f  0.0 H f 00 M 000
THR A0062_ R f 00 S f  0.0 H f 00 M 000
LYS A0063_ R f 00 S f  0.0 H f 00 M 000
LYS A0064_ R f 00 S f  0.0 H f 00 M 000
MET A0065_ R f 00 S f  0.0 H f 00 M 000
VAL A0066_ R f 00 S f  0.0 H f 00 M 000
GLU A0067_ R f 00 S f  0.0 H f 00 M 000
ASN A0068_ R f 00 S f  0.0 H f 00 M 000
ALA A0069_ R f 00 S f  0.0 H f 00 M 000
LYS A0070_ R f 00 S f  0.0 H f 00 M 000
LYS A0071_ R f 00 S f  0.0 H f 00 M 000
ILE A0072_ R f 00 S f  0.0 H f 00 M 000
GLU A0073_ R f 00 S f  0.0 H f 00 M 000
VAL A0074_ R f 00 S f  0.0 H f 00 M 000
GLU A0075_ R f 00 S f  0.0 H f 00 M 000
PHE A0076_ R f 00 S f  0.0 H f 00 M 000
ASP A0077_ R f 00 S f  0.0 H f 00 M 000
LYS A0078_ R f 00 S f  0.0 H f 00 M 000
GLY A0079_ R f 00 S f  0.0 H f 00 M 000
GLN A0080_ R f 00 S f  0.0 H f 00 M 000
ARG A0081_ R f 00 S f  0.0 H f 00 M 000
THR A0082_ R f 00 S f  0.0 H f 00 M 000
ASP A0083_ R f 00 S f  0.0 H f 00 M 000
LYS A0084_ R f 00 S f  0.0 H f 00 M 000
TYR A0085_ R f 00 S f  0.0 H f 00 M 000
GLY A0086_ R f 00 S f  0.0 H f 00 M 000
ARG A0087_ R f 00 S f  0.0 H f 00 M 000
GLY A0088_ R f 00 S f  0.0 H f 00 M 000
LEU A0089_ R f 00 S f  0.0 H f 00 M 000
ALA A0090_ R f 00 S f  0.0 H f 00 M 000
TYR A0091_ R f 00 S f  0.0 H f 00 M 000
LYS A0092_ R f 00 S f  0.0 H f 00 M 000
TYR A0093_ R f 00 S f  0.0 H f 00 M 000
ALA A0094_ R f 00 S f  0.0 H f 00 M 000
ASP A0095_ R f 00 S f  0.0 H f 00 M 000
GLY A0096_ R f 00 S f  0.0 H f 00 M 000
LYS A0097_ R f 00 S f  0.0 H f 00 M 000
MET A0098_ R f 00 S f  0.0 H f 00 M 000
VAL A0099_ R f 00 S f  0.0 H f 00 M 000
ASN A0100_ R f 00 S f  0.0 H f 00 M 000
GLU A0101_ R f 00 S f  0.0 H f 00 M 000
ALA A0102_ R f 00 S f  0.0 H f 00 M 000
LEU A0103_ R f 00 S f  0.0 H f 00 M 000
VAL A0104_ R f 00 S f  0.0 H f 00 M 000
ARG A0105_ R f 00 S f  0.0 H f 00 M 000
GLN A0106_ R f 00 S f  0.0 H f 00 M 000
GLY A0107_ R f 00 S f  0.0 H f 00 M 000
LEU A0108_ R f 00 S f  0.0 H f 00 M 000
ALA A0109_ R f 00 S f  0.0 H f 00 M 000
LYS A0110_ R f 00 S f  0.0 H f 00 M 000
VAL A0111_ R f 00 S f  0.0 H f 00 M 000
ALA A0112_ R f 00 S f  0.0 H f 00 M 000
TYR A0113_ R f 00 S f  0.0 H f 00 M 000
VAL A0114_ R f 00 S f  0.0 H f 00 M 000
TYR A0115_ R f 00 S f  0.0 H f 00 M 000
LYS A0116_ R f 00 S f  0.0 H f 00 M 000
GLY A0117_ R f 00 S f  0.0 H f 00 M 000
ASN A0118_ R f 00 S f  0.0 H f 00 M 000
ASN A0119_ R f 00 S f  0.0 H f 00 M 000
THR A0120_ R f 00 S f  0.0 H f 00 M 000
HIS A0121_ R f 00 S f  0.0 H f 00 M 000
GLU A0122_ R f 00 S f  0.0 H f 00 M 000
GLN A0123_ R f 00 S f  0.0 H f 00 M 000
LEU A0124_ R f 00 S f  0.0 H f 00 M 000
LEU A0125_ R f 00 S f  0.0 H f 00 M 000
ARG A0126_ R f 00 S f  0.0 H f 00 M 000
LYS A0127_ R f 00 S f  0.0 H f 00 M 000
ALA A0128_ R f 00 S f  0.0 H f 00 M 000
GLU A0129_ R f 00 S f  0.0 H f 00 M 000
ALA A0130_ R f 00 S f  0.0 H f 00 M 000
GLN A0131_ R f 00 S f  0.0 H f 00 M 000
ALA A0132_ R f 00 S f  0.0 H f 00 M 000
LYS A0133_ R f 00 S f  0.0 H f 00 M 000
LYS A0134_ R f 00 S f  0.0 H f 00 M 000
GLU A0135_ R f 00 S f  0.0 H f 00 M 000
LYS A0136_ R f 00 S f  0.0 H f 00 M 000
LEU A0137_ R f 00 S f  0.0 H f 00 M 000
ASN A0138_ R f 00 S f  0.0 H f 00 M 000
ILE A0139_ R f 00 S f  0.0 H f 00 M 000
TRP A0140_ R f 00 S f  0.0 H f 00 M 000
SER A0141_ R f 00 S f  0.0 H f 00 M 000
CTR A0141_ R f 00 S f  0.0 H f 00 M 000
GOL A0401_ R f 00 S f  0.0 H f 00 M 000
DMS A0402_ R f 00 S f  0.0 H f 00 M 000
DMS A0403_ R f 00 S f  0.0 H f 00 M 000
THP A0501_ R f 00 S f  0.0 H f 00 M 000
_CA A0502_ R f 00 S f  0.0 H f 00 M 000
